<?xml version="1.0" encoding="UTF-8"?>
<!-- Generated by org.testng.reporters.JUnitReportReporter -->
<testsuite hostname="LNLA094P3034" name="com.google.search.Google.TestGoogleSearch" tests="1" failures="0" timestamp="16 Jan 2020 13:49:29 GMT" time="19.418" errors="0">
  <testcase name="enter_Url" time="19.418" classname="com.google.search.Google.TestGoogleSearch"/>
</testsuite> <!-- com.google.search.Google.TestGoogleSearch -->
